make.exe all --print-data-base --no-builtin-variables --no-builtin-rules --question
# GNU Make 4.3
# Built for Windows32
# Copyright (C) 1988-2020 Free Software Foundation, Inc.
# License GPLv3+: GNU GPL version 3 or later <http://gnu.org/licenses/gpl.html>
# This is free software: you are free to change and redistribute it.
# There is NO WARRANTY, to the extent permitted by law.
 

# Make data base, printed on Sat Aug 13 16:49:58 2022

# Variables

# environment
FPS_BROWSER_APP_PROFILE_STRING = Internet Explorer
# environment
SYSTEMDRIVE = C:
# environment
LC_ALL = C
# environment
USERPROFILE = C:\Users\federico
# environment
VBOX_MSI_INSTALL_PATH = C:\Program Files\Oracle\VirtualBox\
# environment
LOCALAPPDATA = C:\Users\federico\AppData\Local
# environment
VSCODE_CWD = C:\Users\federico\AppData\Local\Programs\Microsoft VS Code
# environment
CHOCOLATEYINSTALL = C:\ProgramData\chocolatey
# environment
SYSTEMROOT = C:\WINDOWS
# environment
PROCESSOR_LEVEL = 6
# environment
PSMODULEPATH = C:\Program Files\WindowsPowerShell\Modules;C:\WINDOWS\system32\WindowsPowerShell\v1.0\Modules;c:\Program Files (x86)\Microsoft SQL Server\110\Tools\PowerShell\Modules\
# default
MAKE_COMMAND := C:/ProgramData/chocolatey/lib/make/tools/install/bin/make.exe
# automatic
@D = $(patsubst %/,%,$(patsubst %\,%,$(dir $@)))
# environment
CHROME_CRASHPAD_PIPE_NAME = \\.\pipe\crashpad_10004_YPATNRBEGVSWQRXK
# environment
FPS_BROWSER_USER_PROFILE_STRING = Default
# environment
VSCODE_HANDLES_UNCAUGHT_ERRORS = true
# default
.VARIABLES := 
# automatic
%D = $(patsubst %/,%,$(patsubst %\,%,$(dir $%)))
# automatic
^D = $(patsubst %/,%,$(patsubst %\,%,$(dir $^)))
# automatic
%F = $(notdir $%)
# environment
VSCODE_CODE_CACHE_PATH = C:\Users\federico\AppData\Roaming\Code\CachedData\da76f93349a72022ca4670c1b84860304616aaa2
# environment
LANG = C
# default
.LOADED := 
# environment
TMP = C:\Users\federico\AppData\Local\Temp
# default
.INCLUDE_DIRS = .
# environment
PROCESSOR_ARCHITEW6432 = AMD64
# makefile
MAKEFLAGS = pqrR
# environment
ONEDRIVE = C:\Users\federico\OneDrive
# makefile
CURDIR := c:/Users/federico/Desktop/borrar/ardpicprog/host
# environment
APPLICATION_INSIGHTS_NO_DIAGNOSTIC_CHANNEL = 1
# automatic
*D = $(patsubst %/,%,$(patsubst %\,%,$(dir $*)))
# makefile (from 'Makefile', line 7)
VERSION = 0.1.2
# environment
PROGRAMFILES = C:\Program Files (x86)
# environment
MFLAGS = -pqrR
# default
.SHELLFLAGS := -c
# environment
COMMONPROGRAMW6432 = C:\Program Files\Common Files
# automatic
+D = $(patsubst %/,%,$(patsubst %\,%,$(dir $+)))
# makefile (from 'Makefile', line 1)
MAKEFILE_LIST := Makefile
# automatic
@F = $(notdir $@)
# environment
VSCODE_PID = 10004
# automatic
?D = $(patsubst %/,%,$(patsubst %\,%,$(dir $?)))
# automatic
*F = $(notdir $*)
# automatic
<D = $(patsubst %/,%,$(patsubst %\,%,$(dir $<)))
# environment
VSCODE_NLS_CONFIG = {"locale":"es-419","availableLanguages":{},"_languagePackSupport":true}
# environment
ONEDRIVECONSUMER = C:\Users\federico\OneDrive
# default
MAKE_HOST := Windows32
# environment
PROGRAMDATA = C:\ProgramData
# default
SHELL := sh.exe
# environment
HOMEPATH = \Users\federico
# environment
PLATFORMIO_CALLER = vscode
# default
MAKECMDGOALS := all
# environment
DRIVERDATA = C:\Windows\System32\Drivers\DriverData
# environment
COMSPEC = C:\WINDOWS\system32\cmd.exe
# environment
WINDIR = C:\WINDOWS
# environment
MAKELEVEL := 0
# default
MAKE = $(MAKE_COMMAND)
# environment
PATH = C:\Program Files (x86)\NVIDIA Corporation\PhysX\Common;C:\Program Files (x86)\Common Files\Oracle\Java\javapath;C:\WINDOWS\system32;C:\WINDOWS;C:\WINDOWS\System32\Wbem;C:\WINDOWS\System32\WindowsPowerShell\v1.0\;C:\WINDOWS\System32\OpenSSH\;C:\Program Files\serialplot\bin;C:\Program Files\LLVM\bin;c:\Program Files (x86)\Microsoft SQL Server\110\Tools\Binn\;c:\Program Files\Microsoft SQL Server\110\Tools\Binn\;c:\Program Files\Microsoft SQL Server\110\DTS\Binn\;C:\Program Files\PuTTY\;C:\Program Files\Git\cmd;C:\Program Files (x86)\PICC;C:\Program Files\AutoFirma\AutoFirma;C:\ProgramData\chocolatey\bin;C:\Users\federico\AppData\Local\Programs\Python\Python38-32\Scripts\;C:\Users\federico\AppData\Local\Programs\Python\Python38-32\;C:\Users\federico\AppData\Local\Microsoft\WindowsApps;C:\Users\federico\AppData\Local\Programs\Microsoft VS Code\bin;C:\MinGW\bin;C:\Users\federico\AppData\Local\Microsoft\WindowsApps;C:\Users\federico\AppData\Local\GitHubDesktop\bin;C:\ProgramData\chocolatey\lib\mingw\tools\install\mingw64\bin;
# environment
COMPUTERNAME = DESKTOP-ITGHHPJ
# default
MAKEFILES := 
# automatic
^F = $(notdir $^)
# environment
PROMPT = $P$G
# environment
CHOCOLATEYLASTPATHUPDATE = 133030965477593747
# environment
LOGONSERVER = \\DESKTOP-ITGHHPJ
# environment
USERNAME = federico
# environment
COMMONPROGRAMFILES = C:\Program Files (x86)\Common Files
# automatic
?F = $(notdir $?)
# environment
PROGRAMW6432 = C:\Program Files
# environment
NO_PROXY = 127.0.0.1
# environment
PATHEXT = .COM;.EXE;.BAT;.CMD;.VBS;.VBE;.JS;.JSE;.WSF;.WSH;.MSC
# automatic
+F = $(notdir $+)
# environment
ORIGINAL_XDG_CURRENT_DESKTOP = undefined
# makefile (from 'Makefile', line 10)
OBJECTS = hexfile.o main.o serialport.o serialport_win.o
# environment
USERDOMAIN = DESKTOP-ITGHHPJ
# 'override' directive
GNUMAKEFLAGS := 
# environment
OS = Windows_NT
# environment
PLATFORMIO_PATH = C:\Users\federico\.platformio\penv\Scripts;C:\Users\federico\.platformio\penv;C:\Users\federico\.platformio\python3;C:\Program Files (x86)\NVIDIA Corporation\PhysX\Common;C:\Program Files (x86)\Common Files\Oracle\Java\javapath;C:\WINDOWS\system32;C:\WINDOWS;C:\WINDOWS\System32\Wbem;C:\WINDOWS\System32\WindowsPowerShell\v1.0\;C:\WINDOWS\System32\OpenSSH\;C:\Program Files\serialplot\bin;C:\Program Files\LLVM\bin;c:\Program Files (x86)\Microsoft SQL Server\110\Tools\Binn\;c:\Program Files\Microsoft SQL Server\110\Tools\Binn\;c:\Program Files\Microsoft SQL Server\110\DTS\Binn\;C:\Program Files\PuTTY\;C:\Program Files\Git\cmd;C:\Program Files (x86)\PICC;C:\Program Files\AutoFirma\AutoFirma;C:\ProgramData\chocolatey\bin;C:\Users\federico\AppData\Local\Programs\Python\Python38-32\Scripts\;C:\Users\federico\AppData\Local\Programs\Python\Python38-32\;C:\Users\federico\AppData\Local\Microsoft\WindowsApps;C:\Users\federico\AppData\Local\Programs\Microsoft VS Code\bin;C:\MinGW\bin;C:\Users\federico\AppData\Local\Microsoft\WindowsApps;C:\Users\federico\AppData\Local\GitHubDesktop\bin;C:\ProgramData\chocolatey\lib\mingw\tools\install\mingw64\bin;;C:\Program Files (x86)\NVIDIA Corporation\PhysX\Common;C:\Program Files (x86)\Common Files\Oracle\Java\javapath;C:\WINDOWS\system32;C:\WINDOWS;C:\WINDOWS\System32\Wbem;C:\WINDOWS\System32\WindowsPowerShell\v1.0\;C:\WINDOWS\System32\OpenSSH\;C:\Program Files\serialplot\bin;C:\Program Files\LLVM\bin;c:\Program Files (x86)\Microsoft SQL Server\110\Tools\Binn\;c:\Program Files\Microsoft SQL Server\110\Tools\Binn\;c:\Program Files\Microsoft SQL Server\110\DTS\Binn\;C:\Program Files\PuTTY\;C:\Program Files\Git\cmd;C:\Program Files (x86)\PICC;C:\Program Fi 
les\AutoFirma\AutoFirma;C:\ProgramData\chocolatey\bin;C:\Users\federico\AppData\Local\Programs\Python\Python38-32\Scripts\;C:\Users\federico\AppData\Local\Programs\Python\Python38-32\;C:\Users\federico\AppData\Local\Microsoft\WindowsApps;C:\Users\federico\AppData\Local\Programs\Microsoft VS Code\bin;C:\MinGW\bin;C:\Users\federico\AppData\Local\Microsoft\WindowsApps;C:\Users\federico\AppData\Local\GitHubDesktop\bin;C:\ProgramData\chocolatey\lib\mingw\tools\install\mingw64\bin;
# environment
ACTEL_FOR_ALTIUM_OVERRIDE = $(subst ,, )
# makefile
.DEFAULT_GOAL := all
# default
MAKE_VERSION := 4.3
# environment
PROGRAMFILES(X86) = C:\Program Files (x86)
# makefile (from 'Makefile', line 14)
LDFLAGS = -g -lstdc++
# environment
USERDOMAIN_ROAMINGPROFILE = DESKTOP-ITGHHPJ
# environment
NUMBER_OF_PROCESSORS = 8
# environment
PUBLIC = C:\Users\Public
# environment
APPDATA = C:\Users\federico\AppData\Roaming
# environment
HOMEDRIVE = C:
# environment
PROCESSOR_ARCHITECTURE = x86
# environment
VSCODE_AMD_ENTRYPOINT = vs/workbench/api/node/extensionHostProcess
# environment
PLATFORMIO_IDE = 2.5.2
# environment
COMMONPROGRAMFILES(X86) = C:\Program Files (x86)\Common Files
# environment
ELECTRON_RUN_AS_NODE = 1
# environment
TEMP = C:\Users\federico\AppData\Local\Temp
# environment
VSCODE_IPC_HOOK = \\.\pipe\58fd9abefaf30dd0995baa6664693be0-1.70.0-main-sock
# environment
ALTERA_FOR_ALTIUM_OVERRIDE = $(subst ,, )
# default
.RECIPEPREFIX := 
# automatic
<F = $(notdir $<)
# default
SUFFIXES := 
# environment
ALLUSERSPROFILE = C:\ProgramData
# makefile (from 'Makefile', line 6)
TARGET = C:\Users\federico\Documents\GitHub\FSV-Programmer\Exec\ardpicprog.exe
# environment
SESSIONNAME = Console
# makefile (from 'Makefile', line 12)
CXXFLAGS = -g -Wall -DARDPICPROG_VERSION=\"$(VERSION)\"
# default
.FEATURES := target-specific order-only second-expansion else-if shortest-stem undefine oneshell nocomment grouped-target extra-prereqs archives jobserver output-sync load
# environment
PROCESSOR_REVISION = 8e0a
# makefile (from 'Makefile', line 3)
CXX = g++
# makefile (from 'Makefile', line 4)
CC = gcc-3 -mno-cygwin
# makefile (from 'Makefile', line 9)
SOURCES = main.cpp hexfile.cpp serialport.cpp serialport_win.cpp
# environment
PROCESSOR_IDENTIFIER = Intel64 Family 6 Model 142 Stepping 10, GenuineIntel
# variable set hash-table stats:
# Load=107/1024=10%, Rehash=0, Collisions=11/141=8%

# Pattern-specific Variable Values

# No pattern-specific variable values.

# Directories

# . (key c:/Users/federico/Desktop/borrar/ardpicprog/host, mtime 1660384863): 17 files, no impossibilities.

# 17 files, no impossibilities in 1 directories.

# Implicit Rules

# No implicit rules.

# Files

# Not a target:
Makefile:
#  Implicit rule search has been done.
#  Last modified 2022-08-13 16:49:28
#  File has been updated.
#  Successfully updated.

# Not a target:
serialport.h:
#  Implicit rule search has not been done.
#  Modification time never checked.
#  File has not been updated.

clean:
#  Implicit rule search has not been done.
#  Modification time never checked.
#  File has not been updated.
#  recipe to execute (from 'Makefile', line 21):
	rm -f $(TARGET) $(OBJECTS)

serialport.o: serialport.h
#  Implicit rule search has not been done.
#  Modification time never checked.
#  File has not been updated.

# Not a target:
.DEFAULT:
#  Implicit rule search has not been done.
#  Modification time never checked.
#  File has not been updated.

all:
#  Command line target.
#  Implicit rule search has not been done.
#  Implicit/static pattern stem: ''
#  File does not 
 exist.
#  File has been updated.
#  Needs to be updated (-q is set).
# automatic
# @ := all
# automatic
# * := 
# automatic
# < := 
# automatic
# + := 
# automatic
# % := 
# automatic
# ^ := 
# automatic
# ? := 
# automatic
# | := 
# variable set hash-table stats:
# Load=8/32=25%, Rehash=0, Collisions=2/14=14%
#  recipe to execute (from 'Makefile', line 17):
	$(CXX) $(SOURCES) -o $(TARGET)
	

# Not a target:
hexfile.h:
#  Implicit rule search has not been done.
#  Modification time never checked.
#  File has not been updated.

main.o: serialport.h hexfile.h
#  Implicit rule search has not been done.
#  Modification time never checked.
#  File has not been updated.

serialport_win.o: serialport.h
#  Implicit rule search has not been done.
#  Modification time never checked.
#  File has not been updated.

hexfile.o: hexfile.h serialport.h
#  Implicit rule search has not been done.
#  Modification time never checked.
#  File has not been updated.

# Not a target:
.SUFFIXES:
#  Implicit rule search has not been done.
#  Modification time never checked.
#  File has not been updated.

# files hash-table stats:
# Load=11/1024=1%, Rehash=0, Collisions=0/29=0%
# VPATH Search Paths

# No 'vpath' search paths.

# No general ('VPATH' variable) search path.

# strcache buffers: 1 (0) / strings = 24 / storage = 258 B / avg = 10 B
# current buf: size = 8174 B / used = 258 B / count = 24 / avg = 10 B

# strcache performance: lookups = 43 / hit rate = 44%
# hash-table stats:
# Load=24/8192=0%, Rehash=0, Collisions=0/43=0%
# Finished Make data base on Sat Aug 13 16:49:58 2022

 
